2026-01-27 17:48:41,920 [INFO] VibeSync: FORENSIC_AUDIT | POST | Target: blender | Endpoint: handshake | Session: b5be4474-fbda-11f0-b58c-69b7f0c5d8af
2026-01-27 17:48:41,920 [ERROR] VibeSync: FORENSIC_ERROR | blender | Connection refused
2026-01-27 17:48:41,920 [INFO] VibeSync: FORENSIC_AUDIT | POST | Target: unity | Endpoint: handshake | Session: b5be4474-fbda-11f0-b58c-69b7f0c5d8af
2026-01-27 17:48:41,921 [INFO] VibeSync: FORENSIC_RESULT | unity | Success
2026-01-27 17:48:41,921 [INFO] VibeSync: Pushing asset from blender to unity: test.fbx
2026-01-27 17:48:41,921 [INFO] VibeSync: FORENSIC_AUDIT | POST | Target: blender | Endpoint: export | Session: b5be4474-fbda-11f0-b58c-69b7f0c5d8af
2026-01-27 17:48:41,922 [INFO] VibeSync: FORENSIC_RESULT | blender | Success
2026-01-27 17:48:41,922 [INFO] VibeSync: FORENSIC_AUDIT | POST | Target: unity | Endpoint: import | Session: b5be4474-fbda-11f0-b58c-69b7f0c5d8af
2026-01-27 17:48:41,922 [INFO] VibeSync: FORENSIC_RESULT | unity | Success
2026-01-27 17:48:41,922 [INFO] VibeSync: FORENSIC_AUDIT | POST | Target: unity | Endpoint: handshake | Session: b5be4474-fbda-11f0-b58c-69b7f0c5d8af
2026-01-27 17:48:41,923 [ERROR] VibeSync: FORENSIC_ERROR | unity | HTTPConnectionPool(host='localhost', port=8085): Max retries exceeded with url: /handshake (Caused by NewConnectionError('<urllib3.connection.HTTPConnection object at 0x70dd319c2020>: Failed to establish a new connection: [Errno 111] Connection refused'))
2026-01-27 17:48:41,925 [INFO] VibeSync: FORENSIC_AUDIT | GET | Target: unity | Endpoint: camera/get | Session: b5be4474-fbda-11f0-b58c-69b7f0c5d8af
2026-01-27 17:48:41,925 [INFO] VibeSync: FORENSIC_RESULT | unity | Success
2026-01-27 17:48:41,925 [INFO] VibeSync: FORENSIC_AUDIT | POST | Target: blender | Endpoint: camera/set | Session: b5be4474-fbda-11f0-b58c-69b7f0c5d8af
2026-01-27 17:48:41,926 [INFO] VibeSync: FORENSIC_RESULT | blender | Success
2026-01-27 17:48:41,927 [INFO] VibeSync: FORENSIC_AUDIT | POST | Target: unity | Endpoint: sync/transform | Session: b5be4474-fbda-11f0-b58c-69b7f0c5d8af
2026-01-27 17:48:41,927 [INFO] VibeSync: FORENSIC_RESULT | unity | Success
2026-01-27 17:48:41,927 [INFO] VibeSync: FORENSIC_AUDIT | POST | Target: blender | Endpoint: sync/transform | Session: b5be4474-fbda-11f0-b58c-69b7f0c5d8af
2026-01-27 17:48:41,927 [INFO] VibeSync: FORENSIC_RESULT | blender | Success
2026-01-27 17:48:41,927 [CRITICAL] VibeSync: PANIC TRIGGERED: Invalidating all session tokens.
2026-01-27 17:48:57,494 [INFO] VibeSync: FORENSIC_AUDIT | POST | Target: blender | Endpoint: handshake | Session: bf06b3c2-fbda-11f0-b58c-69b7f0c5d8af
2026-01-27 17:48:57,494 [ERROR] VibeSync: FORENSIC_ERROR | blender | Connection refused
2026-01-27 17:48:57,494 [INFO] VibeSync: FORENSIC_AUDIT | POST | Target: unity | Endpoint: handshake | Session: bf06b3c2-fbda-11f0-b58c-69b7f0c5d8af
2026-01-27 17:48:57,495 [INFO] VibeSync: FORENSIC_RESULT | unity | Success
2026-01-27 17:48:57,495 [INFO] VibeSync: Pushing asset from blender to unity: test.fbx
2026-01-27 17:48:57,495 [INFO] VibeSync: FORENSIC_AUDIT | POST | Target: blender | Endpoint: export | Session: bf06b3c2-fbda-11f0-b58c-69b7f0c5d8af
2026-01-27 17:48:57,496 [INFO] VibeSync: FORENSIC_RESULT | blender | Success
2026-01-27 17:48:57,496 [INFO] VibeSync: FORENSIC_AUDIT | POST | Target: unity | Endpoint: import | Session: bf06b3c2-fbda-11f0-b58c-69b7f0c5d8af
2026-01-27 17:48:57,496 [INFO] VibeSync: FORENSIC_RESULT | unity | Success
2026-01-27 17:48:57,496 [INFO] VibeSync: FORENSIC_AUDIT | POST | Target: unity | Endpoint: handshake | Session: bf06b3c2-fbda-11f0-b58c-69b7f0c5d8af
2026-01-27 17:48:57,497 [ERROR] VibeSync: FORENSIC_ERROR | unity | HTTPConnectionPool(host='localhost', port=8085): Max retries exceeded with url: /handshake (Caused by NewConnectionError('<urllib3.connection.HTTPConnection object at 0x74172be1e020>: Failed to establish a new connection: [Errno 111] Connection refused'))
2026-01-27 17:48:57,500 [INFO] VibeSync: FORENSIC_AUDIT | GET | Target: unity | Endpoint: camera/get | Session: bf06b3c2-fbda-11f0-b58c-69b7f0c5d8af
2026-01-27 17:48:57,500 [INFO] VibeSync: FORENSIC_RESULT | unity | Success
2026-01-27 17:48:57,500 [INFO] VibeSync: FORENSIC_AUDIT | POST | Target: blender | Endpoint: camera/set | Session: bf06b3c2-fbda-11f0-b58c-69b7f0c5d8af
2026-01-27 17:48:57,500 [INFO] VibeSync: FORENSIC_RESULT | blender | Success
2026-01-27 17:48:57,501 [INFO] VibeSync: FORENSIC_AUDIT | POST | Target: unity | Endpoint: sync/transform | Session: bf06b3c2-fbda-11f0-b58c-69b7f0c5d8af
2026-01-27 17:48:57,502 [INFO] VibeSync: FORENSIC_RESULT | unity | Success
2026-01-27 17:48:57,502 [INFO] VibeSync: FORENSIC_AUDIT | POST | Target: blender | Endpoint: sync/transform | Session: bf06b3c2-fbda-11f0-b58c-69b7f0c5d8af
2026-01-27 17:48:57,502 [INFO] VibeSync: FORENSIC_RESULT | blender | Success
2026-01-27 17:48:57,502 [CRITICAL] VibeSync: PANIC TRIGGERED: Invalidating all session tokens.
2026-01-27 17:49:21,892 [INFO] VibeSync: FORENSIC_AUDIT | POST | Target: blender | Endpoint: handshake | Session: cd90fb1e-fbda-11f0-b58c-69b7f0c5d8af
2026-01-27 17:49:21,893 [ERROR] VibeSync: FORENSIC_ERROR | blender | Connection refused
2026-01-27 17:49:21,893 [INFO] VibeSync: FORENSIC_AUDIT | POST | Target: unity | Endpoint: handshake | Session: cd90fb1e-fbda-11f0-b58c-69b7f0c5d8af
2026-01-27 17:49:21,894 [INFO] VibeSync: FORENSIC_RESULT | unity | Success
2026-01-27 17:49:21,894 [INFO] VibeSync: Pushing asset from blender to unity: test.fbx
2026-01-27 17:49:21,894 [INFO] VibeSync: FORENSIC_AUDIT | POST | Target: blender | Endpoint: export | Session: cd90fb1e-fbda-11f0-b58c-69b7f0c5d8af
2026-01-27 17:49:21,895 [INFO] VibeSync: FORENSIC_RESULT | blender | Success
2026-01-27 17:49:21,895 [INFO] VibeSync: FORENSIC_AUDIT | POST | Target: unity | Endpoint: import | Session: cd90fb1e-fbda-11f0-b58c-69b7f0c5d8af
2026-01-27 17:49:21,895 [INFO] VibeSync: FORENSIC_RESULT | unity | Success
2026-01-27 17:49:21,895 [INFO] VibeSync: FORENSIC_AUDIT | POST | Target: unity | Endpoint: handshake | Session: cd90fb1e-fbda-11f0-b58c-69b7f0c5d8af
2026-01-27 17:49:21,897 [ERROR] VibeSync: FORENSIC_ERROR | unity | HTTPConnectionPool(host='localhost', port=8085): Max retries exceeded with url: /handshake (Caused by NewConnectionError('<urllib3.connection.HTTPConnection object at 0x7a32820a9fc0>: Failed to establish a new connection: [Errno 111] Connection refused'))
2026-01-27 17:49:21,899 [INFO] VibeSync: FORENSIC_AUDIT | GET | Target: unity | Endpoint: camera/get | Session: cd90fb1e-fbda-11f0-b58c-69b7f0c5d8af
2026-01-27 17:49:21,900 [INFO] VibeSync: FORENSIC_RESULT | unity | Success
2026-01-27 17:49:21,900 [INFO] VibeSync: FORENSIC_AUDIT | POST | Target: blender | Endpoint: camera/set | Session: cd90fb1e-fbda-11f0-b58c-69b7f0c5d8af
2026-01-27 17:49:21,900 [INFO] VibeSync: FORENSIC_RESULT | blender | Success
2026-01-27 17:49:21,901 [INFO] VibeSync: FORENSIC_AUDIT | POST | Target: unity | Endpoint: sync/transform | Session: cd90fb1e-fbda-11f0-b58c-69b7f0c5d8af
2026-01-27 17:49:21,902 [INFO] VibeSync: FORENSIC_RESULT | unity | Success
2026-01-27 17:49:21,902 [INFO] VibeSync: FORENSIC_AUDIT | POST | Target: blender | Endpoint: sync/transform | Session: cd90fb1e-fbda-11f0-b58c-69b7f0c5d8af
2026-01-27 17:49:21,902 [INFO] VibeSync: FORENSIC_RESULT | blender | Success
2026-01-27 17:49:21,902 [CRITICAL] VibeSync: PANIC TRIGGERED: Invalidating all session tokens.
2026-01-27 17:49:42,882 [INFO] VibeSync: FORENSIC_AUDIT | POST | Target: blender | Endpoint: handshake | Session: da142082-fbda-11f0-b58c-69b7f0c5d8af
2026-01-27 17:49:42,882 [ERROR] VibeSync: FORENSIC_ERROR | blender | Connection refused
2026-01-27 17:49:42,883 [INFO] VibeSync: FORENSIC_AUDIT | POST | Target: unity | Endpoint: handshake | Session: da142082-fbda-11f0-b58c-69b7f0c5d8af
2026-01-27 17:49:42,883 [INFO] VibeSync: FORENSIC_RESULT | unity | Success
2026-01-27 17:49:42,884 [INFO] VibeSync: Pushing asset from blender to unity: test.fbx
2026-01-27 17:49:42,884 [INFO] VibeSync: FORENSIC_AUDIT | POST | Target: blender | Endpoint: export | Session: da142082-fbda-11f0-b58c-69b7f0c5d8af
2026-01-27 17:49:42,884 [INFO] VibeSync: FORENSIC_RESULT | blender | Success
2026-01-27 17:49:42,884 [INFO] VibeSync: FORENSIC_AUDIT | POST | Target: unity | Endpoint: import | Session: da142082-fbda-11f0-b58c-69b7f0c5d8af
2026-01-27 17:49:42,884 [INFO] VibeSync: FORENSIC_RESULT | unity | Success
2026-01-27 17:49:42,884 [INFO] VibeSync: FORENSIC_AUDIT | POST | Target: unity | Endpoint: handshake | Session: da142082-fbda-11f0-b58c-69b7f0c5d8af
2026-01-27 17:49:42,886 [ERROR] VibeSync: FORENSIC_ERROR | unity | HTTPConnectionPool(host='localhost', port=8085): Max retries exceeded with url: /handshake (Caused by NewConnectionError('<urllib3.connection.HTTPConnection object at 0x73052de0dfc0>: Failed to establish a new connection: [Errno 111] Connection refused'))
2026-01-27 17:49:42,888 [INFO] VibeSync: FORENSIC_AUDIT | GET | Target: unity | Endpoint: camera/get | Session: da142082-fbda-11f0-b58c-69b7f0c5d8af
2026-01-27 17:49:42,888 [INFO] VibeSync: FORENSIC_RESULT | unity | Success
2026-01-27 17:49:42,888 [INFO] VibeSync: FORENSIC_AUDIT | POST | Target: blender | Endpoint: camera/set | Session: da142082-fbda-11f0-b58c-69b7f0c5d8af
2026-01-27 17:49:42,888 [INFO] VibeSync: FORENSIC_RESULT | blender | Success
2026-01-27 17:49:42,889 [INFO] VibeSync: FORENSIC_AUDIT | POST | Target: unity | Endpoint: sync/transform | Session: da142082-fbda-11f0-b58c-69b7f0c5d8af
2026-01-27 17:49:42,890 [INFO] VibeSync: FORENSIC_RESULT | unity | Success
2026-01-27 17:49:42,890 [INFO] VibeSync: FORENSIC_AUDIT | POST | Target: blender | Endpoint: sync/transform | Session: da142082-fbda-11f0-b58c-69b7f0c5d8af
2026-01-27 17:49:42,890 [INFO] VibeSync: FORENSIC_RESULT | blender | Success
2026-01-27 17:49:42,890 [CRITICAL] VibeSync: PANIC TRIGGERED: Invalidating all session tokens.
2026-01-27 20:20:57,332 [INFO] VibeSync: FORENSIC_AUDIT | POST | Target: blender | Endpoint: handshake | Session: faddd3ac-fbef-11f0-b58c-69b7f0c5d8af
2026-01-27 20:20:57,332 [ERROR] VibeSync: FORENSIC_ERROR | blender | Connection refused
2026-01-27 20:20:57,333 [INFO] VibeSync: FORENSIC_AUDIT | POST | Target: unity | Endpoint: handshake | Session: faddd3ac-fbef-11f0-b58c-69b7f0c5d8af
2026-01-27 20:20:57,333 [INFO] VibeSync: FORENSIC_RESULT | unity | Success
2026-01-27 20:20:57,335 [INFO] VibeSync: Pushing asset from blender to unity: test.fbx
2026-01-27 20:20:57,335 [INFO] VibeSync: FORENSIC_AUDIT | POST | Target: blender | Endpoint: export | Session: faddd3ac-fbef-11f0-b58c-69b7f0c5d8af
2026-01-27 20:20:57,336 [INFO] VibeSync: FORENSIC_RESULT | blender | Success
2026-01-27 20:20:57,336 [INFO] VibeSync: FORENSIC_AUDIT | POST | Target: unity | Endpoint: import | Session: faddd3ac-fbef-11f0-b58c-69b7f0c5d8af
2026-01-27 20:20:57,336 [INFO] VibeSync: FORENSIC_RESULT | unity | Success
2026-01-27 20:20:57,336 [INFO] VibeSync: FORENSIC_AUDIT | POST | Target: unity | Endpoint: handshake | Session: faddd3ac-fbef-11f0-b58c-69b7f0c5d8af
2026-01-27 20:20:57,338 [ERROR] VibeSync: FORENSIC_ERROR | unity | HTTPConnectionPool(host='localhost', port=8085): Max retries exceeded with url: /handshake (Caused by NewConnectionError('<urllib3.connection.HTTPConnection object at 0x7effe2a2ec20>: Failed to establish a new connection: [Errno 111] Connection refused'))
2026-01-27 20:20:57,340 [INFO] VibeSync: FORENSIC_AUDIT | GET | Target: unity | Endpoint: camera/get | Session: faddd3ac-fbef-11f0-b58c-69b7f0c5d8af
2026-01-27 20:20:57,340 [INFO] VibeSync: FORENSIC_RESULT | unity | Success
2026-01-27 20:20:57,340 [INFO] VibeSync: FORENSIC_AUDIT | POST | Target: blender | Endpoint: camera/set | Session: faddd3ac-fbef-11f0-b58c-69b7f0c5d8af
2026-01-27 20:20:57,340 [INFO] VibeSync: FORENSIC_RESULT | blender | Success
2026-01-27 20:20:57,340 [INFO] VibeSync: FORENSIC_AUDIT | POST | Target: unity | Endpoint: sync/transform | Session: faddd3ac-fbef-11f0-b58c-69b7f0c5d8af
2026-01-27 20:20:57,341 [INFO] VibeSync: FORENSIC_RESULT | unity | Success
2026-01-27 20:20:57,341 [INFO] VibeSync: FORENSIC_AUDIT | POST | Target: blender | Endpoint: sync/transform | Session: faddd3ac-fbef-11f0-b58c-69b7f0c5d8af
2026-01-27 20:20:57,341 [INFO] VibeSync: FORENSIC_RESULT | blender | Success
2026-01-27 20:20:57,341 [CRITICAL] VibeSync: PANIC TRIGGERED: Invalidating all session tokens.
2026-01-27 20:21:30,673 [INFO] VibeSync: FORENSIC_AUDIT | POST | Target: blender | Endpoint: handshake | Session: 0ebce7f0-fbf0-11f0-b58c-69b7f0c5d8af
2026-01-27 20:21:30,673 [ERROR] VibeSync: FORENSIC_ERROR | blender | Connection refused
2026-01-27 20:21:30,674 [INFO] VibeSync: FORENSIC_AUDIT | POST | Target: unity | Endpoint: handshake | Session: 0ebce7f0-fbf0-11f0-b58c-69b7f0c5d8af
2026-01-27 20:21:30,674 [INFO] VibeSync: FORENSIC_RESULT | unity | Success
2026-01-27 20:21:30,675 [INFO] VibeSync: PREFLIGHT | Initiating Unity Semantic Validation
2026-01-27 20:21:30,675 [INFO] VibeSync: FORENSIC_AUDIT | POST | Target: unity | Endpoint: preflight/run | Session: 0ebce7f0-fbf0-11f0-b58c-69b7f0c5d8af
2026-01-27 20:21:30,675 [INFO] VibeSync: FORENSIC_RESULT | unity | Success
2026-01-27 20:21:30,675 [WARNING] VibeSync: PREFLIGHT | Blocked: 1 fatal issues detected.
2026-01-27 20:21:30,676 [INFO] VibeSync: PREFLIGHT | Initiating Unity Semantic Validation
2026-01-27 20:21:30,676 [INFO] VibeSync: FORENSIC_AUDIT | POST | Target: unity | Endpoint: preflight/run | Session: 0ebce7f0-fbf0-11f0-b58c-69b7f0c5d8af
2026-01-27 20:21:30,676 [INFO] VibeSync: FORENSIC_RESULT | unity | Success
2026-01-27 20:21:30,676 [INFO] VibeSync: PREFLIGHT | Clear: Contract fully satisfied.
2026-01-27 20:21:30,676 [INFO] VibeSync: ADAPTATION | Informing blender of Unity contract state: pass
2026-01-27 20:21:30,676 [INFO] VibeSync: FORENSIC_AUDIT | POST | Target: blender | Endpoint: preflight/consume | Session: 0ebce7f0-fbf0-11f0-b58c-69b7f0c5d8af
2026-01-27 20:21:30,677 [INFO] VibeSync: FORENSIC_RESULT | blender | Success
2026-01-27 20:21:30,677 [INFO] VibeSync: Pushing asset from unity to blender: test.fbx
2026-01-27 20:21:30,677 [INFO] VibeSync: FORENSIC_AUDIT | POST | Target: unity | Endpoint: export | Session: 0ebce7f0-fbf0-11f0-b58c-69b7f0c5d8af
2026-01-27 20:21:30,677 [INFO] VibeSync: FORENSIC_RESULT | unity | Success
2026-01-27 20:21:30,677 [INFO] VibeSync: FORENSIC_AUDIT | POST | Target: blender | Endpoint: import | Session: 0ebce7f0-fbf0-11f0-b58c-69b7f0c5d8af
2026-01-27 20:21:30,677 [INFO] VibeSync: FORENSIC_RESULT | blender | Success
2026-01-27 20:21:30,678 [INFO] VibeSync: Pushing asset from blender to unity: test.fbx
2026-01-27 20:21:30,678 [INFO] VibeSync: FORENSIC_AUDIT | POST | Target: blender | Endpoint: export | Session: 0ebce7f0-fbf0-11f0-b58c-69b7f0c5d8af
2026-01-27 20:21:30,678 [INFO] VibeSync: FORENSIC_RESULT | blender | Success
2026-01-27 20:21:30,678 [INFO] VibeSync: FORENSIC_AUDIT | POST | Target: unity | Endpoint: import | Session: 0ebce7f0-fbf0-11f0-b58c-69b7f0c5d8af
2026-01-27 20:21:30,678 [INFO] VibeSync: FORENSIC_RESULT | unity | Success
2026-01-27 20:21:30,678 [INFO] VibeSync: FORENSIC_AUDIT | POST | Target: unity | Endpoint: handshake | Session: 0ebce7f0-fbf0-11f0-b58c-69b7f0c5d8af
2026-01-27 20:21:30,680 [ERROR] VibeSync: FORENSIC_ERROR | unity | HTTPConnectionPool(host='localhost', port=8085): Max retries exceeded with url: /handshake (Caused by NewConnectionError('<urllib3.connection.HTTPConnection object at 0x7e2f1b516320>: Failed to establish a new connection: [Errno 111] Connection refused'))
2026-01-27 20:21:30,682 [INFO] VibeSync: FORENSIC_AUDIT | GET | Target: unity | Endpoint: camera/get | Session: 0ebce7f0-fbf0-11f0-b58c-69b7f0c5d8af
2026-01-27 20:21:30,682 [INFO] VibeSync: FORENSIC_RESULT | unity | Success
2026-01-27 20:21:30,682 [INFO] VibeSync: FORENSIC_AUDIT | POST | Target: blender | Endpoint: camera/set | Session: 0ebce7f0-fbf0-11f0-b58c-69b7f0c5d8af
2026-01-27 20:21:30,682 [INFO] VibeSync: FORENSIC_RESULT | blender | Success
2026-01-27 20:21:30,683 [INFO] VibeSync: FORENSIC_AUDIT | POST | Target: unity | Endpoint: sync/transform | Session: 0ebce7f0-fbf0-11f0-b58c-69b7f0c5d8af
2026-01-27 20:21:30,683 [INFO] VibeSync: FORENSIC_RESULT | unity | Success
2026-01-27 20:21:30,683 [INFO] VibeSync: FORENSIC_AUDIT | POST | Target: blender | Endpoint: sync/transform | Session: 0ebce7f0-fbf0-11f0-b58c-69b7f0c5d8af
2026-01-27 20:21:30,683 [INFO] VibeSync: FORENSIC_RESULT | blender | Success
2026-01-27 20:21:30,683 [CRITICAL] VibeSync: PANIC TRIGGERED: Invalidating all session tokens.
2026-01-27 21:58:34,917 [ERROR] SecurityGate: SECURITY | Unauthorized command: rm -rf /
2026-01-27 21:58:34,918 [INFO] VibeSync: FORENSIC_AUDIT | POST | Target: blender | Endpoint: handshake
2026-01-27 21:58:34,918 [WARNING] VibeSync: RELIABILITY | blender offline. Queuing command: handshake
2026-01-27 21:58:34,919 [INFO] VibeSync: FORENSIC_AUDIT | POST | Target: unity | Endpoint: handshake
2026-01-27 21:58:34,919 [INFO] VibeSync: FORENSIC_AUDIT | POST | Target: unity | Endpoint: render
2026-01-27 21:58:34,919 [WARNING] VibeSync: RELIABILITY | unity offline. Queuing command: render
2026-01-27 21:58:34,920 [INFO] VibeSync: PREFLIGHT | Initiating Unity Semantic Validation
2026-01-27 21:58:34,920 [INFO] VibeSync: FORENSIC_AUDIT | POST | Target: unity | Endpoint: preflight/run
2026-01-27 21:58:34,920 [INFO] VibeSync: LIVENESS | unity back online. Replaying [{'method': 'POST', 'endpoint': 'render', 'data': {'frame': 1}}] items.
2026-01-27 21:58:34,920 [WARNING] VibeSync: PREFLIGHT | Blocked: 1 fatal issues detected.
2026-01-27 21:58:34,921 [INFO] VibeSync: PREFLIGHT | Initiating Unity Semantic Validation
2026-01-27 21:58:34,921 [INFO] VibeSync: FORENSIC_AUDIT | POST | Target: unity | Endpoint: preflight/run
2026-01-27 21:58:34,921 [INFO] VibeSync: PREFLIGHT | Clear: Contract fully satisfied.
2026-01-27 21:58:34,921 [INFO] VibeSync: ADAPTATION | Informing blender of Unity contract state: pass
2026-01-27 21:58:34,921 [INFO] VibeSync: FORENSIC_AUDIT | POST | Target: blender | Endpoint: preflight/consume
2026-01-27 21:58:34,921 [INFO] VibeSync: LIVENESS | blender back online. Replaying [{'method': 'POST', 'endpoint': 'handshake', 'data': None}] items.
2026-01-27 21:58:34,921 [INFO] VibeSync: Pushing asset from unity to blender: test.fbx
2026-01-27 21:58:34,921 [INFO] VibeSync: FORENSIC_AUDIT | POST | Target: unity | Endpoint: export
2026-01-27 21:58:34,922 [INFO] VibeSync: FORENSIC_AUDIT | POST | Target: blender | Endpoint: import
2026-01-27 21:58:34,922 [INFO] VibeSync: Pushing asset from blender to unity: test.fbx
2026-01-27 21:58:34,922 [INFO] VibeSync: FORENSIC_AUDIT | POST | Target: blender | Endpoint: export
2026-01-27 21:58:34,922 [INFO] VibeSync: FORENSIC_AUDIT | POST | Target: unity | Endpoint: import
2026-01-27 21:58:34,923 [INFO] VibeSync: FORENSIC_AUDIT | POST | Target: unity | Endpoint: handshake
2026-01-27 21:58:34,925 [WARNING] VibeSync: RELIABILITY | unity offline. Queuing command: handshake
2026-01-27 21:58:34,927 [INFO] VibeSync: FORENSIC_AUDIT | GET | Target: unity | Endpoint: camera/get
2026-01-27 21:58:34,927 [INFO] VibeSync: LIVENESS | unity back online. Replaying [{'method': 'POST', 'endpoint': 'handshake', 'data': None}] items.
2026-01-27 21:58:34,927 [INFO] VibeSync: FORENSIC_AUDIT | POST | Target: blender | Endpoint: camera/set
2026-01-27 21:58:34,928 [INFO] VibeSync: FORENSIC_AUDIT | POST | Target: unity | Endpoint: sync/transform
2026-01-27 21:58:34,928 [INFO] VibeSync: FORENSIC_AUDIT | POST | Target: blender | Endpoint: sync/transform
2026-01-27 21:58:34,928 [CRITICAL] VibeSync: PANIC TRIGGERED: Invalidating all session tokens.
2026-01-27 21:58:51,600 [ERROR] SecurityGate: SECURITY | Unauthorized command: rm -rf /
2026-01-27 21:58:51,600 [INFO] VibeSync: FORENSIC_AUDIT | POST | Target: blender | Endpoint: handshake
2026-01-27 21:58:51,600 [WARNING] VibeSync: RELIABILITY | blender offline. Queuing command: handshake
2026-01-27 21:58:51,601 [INFO] VibeSync: FORENSIC_AUDIT | POST | Target: unity | Endpoint: handshake
2026-01-27 21:58:51,601 [INFO] VibeSync: FORENSIC_AUDIT | POST | Target: unity | Endpoint: render
2026-01-27 21:58:51,601 [WARNING] VibeSync: RELIABILITY | unity offline. Queuing command: render
2026-01-27 21:58:51,602 [INFO] VibeSync: PREFLIGHT | Initiating Unity Semantic Validation
2026-01-27 21:58:51,602 [INFO] VibeSync: FORENSIC_AUDIT | POST | Target: unity | Endpoint: preflight/run
2026-01-27 21:58:51,602 [INFO] VibeSync: LIVENESS | unity back online. Replaying [{'method': 'POST', 'endpoint': 'render', 'data': {'frame': 1}}] items.
2026-01-27 21:58:51,602 [WARNING] VibeSync: PREFLIGHT | Blocked: 1 fatal issues detected.
2026-01-27 21:58:51,603 [INFO] VibeSync: PREFLIGHT | Initiating Unity Semantic Validation
2026-01-27 21:58:51,603 [INFO] VibeSync: FORENSIC_AUDIT | POST | Target: unity | Endpoint: preflight/run
2026-01-27 21:58:51,603 [INFO] VibeSync: PREFLIGHT | Clear: Contract fully satisfied.
2026-01-27 21:58:51,603 [INFO] VibeSync: ADAPTATION | Informing blender of Unity contract state: pass
2026-01-27 21:58:51,603 [INFO] VibeSync: FORENSIC_AUDIT | POST | Target: blender | Endpoint: preflight/consume
2026-01-27 21:58:51,604 [INFO] VibeSync: LIVENESS | blender back online. Replaying [{'method': 'POST', 'endpoint': 'handshake', 'data': None}] items.
2026-01-27 21:58:51,604 [INFO] VibeSync: Pushing asset from unity to blender: test.fbx
2026-01-27 21:58:51,604 [INFO] VibeSync: FORENSIC_AUDIT | POST | Target: unity | Endpoint: export
2026-01-27 21:58:51,604 [INFO] VibeSync: FORENSIC_AUDIT | POST | Target: blender | Endpoint: import
2026-01-27 21:58:51,605 [INFO] VibeSync: Pushing asset from blender to unity: test.fbx
2026-01-27 21:58:51,605 [INFO] VibeSync: FORENSIC_AUDIT | POST | Target: blender | Endpoint: export
2026-01-27 21:58:51,605 [INFO] VibeSync: FORENSIC_AUDIT | POST | Target: unity | Endpoint: import
2026-01-27 21:58:51,605 [INFO] VibeSync: FORENSIC_AUDIT | POST | Target: unity | Endpoint: handshake
2026-01-27 21:58:51,607 [WARNING] VibeSync: RELIABILITY | unity offline. Queuing command: handshake
2026-01-27 21:58:51,609 [INFO] VibeSync: FORENSIC_AUDIT | GET | Target: unity | Endpoint: camera/get
2026-01-27 21:58:51,609 [INFO] VibeSync: LIVENESS | unity back online. Replaying [{'method': 'POST', 'endpoint': 'handshake', 'data': None}] items.
2026-01-27 21:58:51,609 [INFO] VibeSync: FORENSIC_AUDIT | POST | Target: blender | Endpoint: camera/set
2026-01-27 21:58:51,610 [INFO] VibeSync: FORENSIC_AUDIT | POST | Target: unity | Endpoint: sync/transform
2026-01-27 21:58:51,610 [INFO] VibeSync: FORENSIC_AUDIT | POST | Target: blender | Endpoint: sync/transform
2026-01-27 21:58:51,610 [CRITICAL] VibeSync: PANIC TRIGGERED: Invalidating all session tokens.
2026-01-27 22:18:04,802 [ERROR] SecurityGate: SECURITY | Unauthorized command: rm -rf /
2026-01-27 22:18:04,810 [INFO] VibeSync: FORENSIC_AUDIT | POST | Target: blender | Endpoint: handshake
2026-01-27 22:18:04,810 [WARNING] VibeSync: RELIABILITY | blender offline. Queuing command: handshake
2026-01-27 22:18:04,812 [INFO] VibeSync: FORENSIC_AUDIT | POST | Target: unity | Endpoint: handshake
2026-01-27 22:18:04,814 [INFO] VibeSync: FORENSIC_AUDIT | POST | Target: unity | Endpoint: render
2026-01-27 22:18:04,814 [WARNING] VibeSync: RELIABILITY | unity offline. Queuing command: render
2026-01-27 22:18:04,818 [INFO] VibeSync: PREFLIGHT | Initiating Unity Semantic Validation
2026-01-27 22:18:04,819 [INFO] VibeSync: FORENSIC_AUDIT | POST | Target: unity | Endpoint: preflight/run
2026-01-27 22:18:04,820 [INFO] VibeSync: LIVENESS | unity back online. Replaying [{'method': 'POST', 'endpoint': 'render', 'data': {'frame': 1}}] items.
2026-01-27 22:18:04,820 [WARNING] VibeSync: PREFLIGHT | Blocked: 1 fatal issues detected.
2026-01-27 22:18:04,823 [INFO] VibeSync: PREFLIGHT | Initiating Unity Semantic Validation
2026-01-27 22:18:04,823 [INFO] VibeSync: FORENSIC_AUDIT | POST | Target: unity | Endpoint: preflight/run
2026-01-27 22:18:04,824 [INFO] VibeSync: PREFLIGHT | Clear: Contract fully satisfied.
2026-01-27 22:18:04,824 [INFO] VibeSync: ADAPTATION | Informing blender of Unity contract state: pass
2026-01-27 22:18:04,824 [INFO] VibeSync: FORENSIC_AUDIT | POST | Target: blender | Endpoint: preflight/consume
2026-01-27 22:18:04,826 [INFO] VibeSync: LIVENESS | blender back online. Replaying [{'method': 'POST', 'endpoint': 'handshake', 'data': {'version': '1.0.0'}}] items.
2026-01-27 22:18:04,826 [INFO] VibeSync: Pushing asset from unity to blender: test.fbx
2026-01-27 22:18:04,826 [INFO] VibeSync: FORENSIC_AUDIT | POST | Target: unity | Endpoint: export
2026-01-27 22:18:04,828 [INFO] VibeSync: FORENSIC_AUDIT | POST | Target: blender | Endpoint: import
2026-01-27 22:18:04,830 [INFO] VibeSync: Pushing asset from blender to unity: test.fbx
2026-01-27 22:18:04,830 [INFO] VibeSync: FORENSIC_AUDIT | POST | Target: blender | Endpoint: export
2026-01-27 22:18:04,831 [INFO] VibeSync: FORENSIC_AUDIT | POST | Target: unity | Endpoint: import
2026-01-27 22:18:04,834 [INFO] VibeSync: FORENSIC_AUDIT | POST | Target: unity | Endpoint: handshake
2026-01-27 22:18:04,839 [WARNING] VibeSync: RELIABILITY | unity offline. Queuing command: handshake
2026-01-27 22:18:04,843 [INFO] VibeSync: FORENSIC_AUDIT | GET | Target: unity | Endpoint: camera/get
2026-01-27 22:18:04,844 [INFO] VibeSync: LIVENESS | unity back online. Replaying [{'method': 'POST', 'endpoint': 'handshake', 'data': {'version': '1.0.0'}}] items.
2026-01-27 22:18:04,844 [INFO] VibeSync: FORENSIC_AUDIT | POST | Target: blender | Endpoint: camera/set
2026-01-27 22:18:04,845 [INFO] VibeSync: FORENSIC_AUDIT | POST | Target: unity | Endpoint: sync/transform
2026-01-27 22:18:04,845 [INFO] VibeSync: FORENSIC_AUDIT | POST | Target: blender | Endpoint: sync/transform
2026-01-27 22:18:04,846 [CRITICAL] VibeSync: PANIC TRIGGERED: Invalidating all session tokens.
2026-01-27 22:18:26,072 [ERROR] SecurityGate: SECURITY | Unauthorized command: rm -rf /
2026-01-27 22:18:26,073 [INFO] VibeSync: FORENSIC_AUDIT | POST | Target: blender | Endpoint: handshake
2026-01-27 22:18:26,073 [WARNING] VibeSync: RELIABILITY | blender offline. Queuing command: handshake
2026-01-27 22:18:26,074 [INFO] VibeSync: FORENSIC_AUDIT | POST | Target: unity | Endpoint: handshake
2026-01-27 22:18:26,075 [INFO] VibeSync: FORENSIC_AUDIT | POST | Target: unity | Endpoint: render
2026-01-27 22:18:26,075 [WARNING] VibeSync: RELIABILITY | unity offline. Queuing command: render
2026-01-27 22:18:26,076 [INFO] VibeSync: PREFLIGHT | Initiating Unity Semantic Validation
2026-01-27 22:18:26,076 [INFO] VibeSync: FORENSIC_AUDIT | POST | Target: unity | Endpoint: preflight/run
2026-01-27 22:18:26,076 [INFO] VibeSync: LIVENESS | unity back online. Replaying [{'method': 'POST', 'endpoint': 'render', 'data': {'frame': 1}}] items.
2026-01-27 22:18:26,077 [WARNING] VibeSync: PREFLIGHT | Blocked: 1 fatal issues detected.
2026-01-27 22:18:26,078 [INFO] VibeSync: PREFLIGHT | Initiating Unity Semantic Validation
2026-01-27 22:18:26,078 [INFO] VibeSync: FORENSIC_AUDIT | POST | Target: unity | Endpoint: preflight/run
2026-01-27 22:18:26,078 [INFO] VibeSync: PREFLIGHT | Clear: Contract fully satisfied.
2026-01-27 22:18:26,078 [INFO] VibeSync: ADAPTATION | Informing blender of Unity contract state: pass
2026-01-27 22:18:26,078 [INFO] VibeSync: FORENSIC_AUDIT | POST | Target: blender | Endpoint: preflight/consume
2026-01-27 22:18:26,079 [INFO] VibeSync: LIVENESS | blender back online. Replaying [{'method': 'POST', 'endpoint': 'handshake', 'data': {'version': '1.0.0'}}] items.
2026-01-27 22:18:26,079 [INFO] VibeSync: Pushing asset from unity to blender: test.fbx
2026-01-27 22:18:26,079 [INFO] VibeSync: FORENSIC_AUDIT | POST | Target: unity | Endpoint: export
2026-01-27 22:18:26,080 [INFO] VibeSync: FORENSIC_AUDIT | POST | Target: blender | Endpoint: import
2026-01-27 22:18:26,081 [INFO] VibeSync: Pushing asset from blender to unity: test.fbx
2026-01-27 22:18:26,081 [INFO] VibeSync: FORENSIC_AUDIT | POST | Target: blender | Endpoint: export
2026-01-27 22:18:26,082 [INFO] VibeSync: FORENSIC_AUDIT | POST | Target: unity | Endpoint: import
2026-01-27 22:18:26,083 [INFO] VibeSync: FORENSIC_AUDIT | POST | Target: unity | Endpoint: handshake
2026-01-27 22:18:26,085 [WARNING] VibeSync: RELIABILITY | unity offline. Queuing command: handshake
2026-01-27 22:18:26,089 [INFO] VibeSync: FORENSIC_AUDIT | GET | Target: unity | Endpoint: camera/get
2026-01-27 22:18:26,089 [INFO] VibeSync: LIVENESS | unity back online. Replaying [{'method': 'POST', 'endpoint': 'handshake', 'data': {'version': '1.0.0'}}] items.
2026-01-27 22:18:26,089 [INFO] VibeSync: FORENSIC_AUDIT | POST | Target: blender | Endpoint: camera/set
2026-01-27 22:18:26,091 [INFO] VibeSync: FORENSIC_AUDIT | POST | Target: unity | Endpoint: sync/transform
2026-01-27 22:18:26,091 [INFO] VibeSync: FORENSIC_AUDIT | POST | Target: blender | Endpoint: sync/transform
2026-01-27 22:18:26,091 [CRITICAL] VibeSync: PANIC TRIGGERED: Invalidating all session tokens.
2026-01-27 22:18:56,323 [ERROR] SecurityGate: SECURITY | Unauthorized command: rm -rf /
2026-01-27 22:18:56,324 [INFO] VibeSync: FORENSIC_AUDIT | POST | Target: blender | Endpoint: handshake
2026-01-27 22:18:56,324 [WARNING] VibeSync: RELIABILITY | blender offline. Queuing command: handshake
2026-01-27 22:18:56,325 [INFO] VibeSync: FORENSIC_AUDIT | POST | Target: unity | Endpoint: handshake
2026-01-27 22:18:56,325 [INFO] VibeSync: FORENSIC_AUDIT | POST | Target: unity | Endpoint: render
2026-01-27 22:18:56,326 [WARNING] VibeSync: RELIABILITY | unity offline. Queuing command: render
2026-01-27 22:18:56,326 [INFO] VibeSync: PREFLIGHT | Initiating Unity Semantic Validation
2026-01-27 22:18:56,326 [INFO] VibeSync: FORENSIC_AUDIT | POST | Target: unity | Endpoint: preflight/run
2026-01-27 22:18:56,327 [INFO] VibeSync: LIVENESS | unity back online. Replaying [{'method': 'POST', 'endpoint': 'render', 'data': {'frame': 1}}] items.
2026-01-27 22:18:56,327 [WARNING] VibeSync: PREFLIGHT | Blocked: 1 fatal issues detected.
2026-01-27 22:18:56,328 [INFO] VibeSync: PREFLIGHT | Initiating Unity Semantic Validation
2026-01-27 22:18:56,328 [INFO] VibeSync: FORENSIC_AUDIT | POST | Target: unity | Endpoint: preflight/run
2026-01-27 22:18:56,328 [INFO] VibeSync: PREFLIGHT | Clear: Contract fully satisfied.
2026-01-27 22:18:56,328 [INFO] VibeSync: ADAPTATION | Informing blender of Unity contract state: pass
2026-01-27 22:18:56,328 [INFO] VibeSync: FORENSIC_AUDIT | POST | Target: blender | Endpoint: preflight/consume
2026-01-27 22:18:56,329 [INFO] VibeSync: LIVENESS | blender back online. Replaying [{'method': 'POST', 'endpoint': 'handshake', 'data': {'version': '1.0.0'}}] items.
2026-01-27 22:18:56,329 [INFO] VibeSync: Pushing asset from unity to blender: test.fbx
2026-01-27 22:18:56,329 [INFO] VibeSync: FORENSIC_AUDIT | POST | Target: unity | Endpoint: export
2026-01-27 22:18:56,329 [INFO] VibeSync: FORENSIC_AUDIT | POST | Target: blender | Endpoint: import
2026-01-27 22:18:56,330 [INFO] VibeSync: Pushing asset from blender to unity: test.fbx
2026-01-27 22:18:56,330 [INFO] VibeSync: FORENSIC_AUDIT | POST | Target: blender | Endpoint: export
2026-01-27 22:18:56,331 [INFO] VibeSync: FORENSIC_AUDIT | POST | Target: unity | Endpoint: import
2026-01-27 22:18:56,332 [INFO] VibeSync: FORENSIC_AUDIT | POST | Target: unity | Endpoint: handshake
2026-01-27 22:18:56,333 [WARNING] VibeSync: RELIABILITY | unity offline. Queuing command: handshake
2026-01-27 22:18:56,336 [INFO] VibeSync: FORENSIC_AUDIT | GET | Target: unity | Endpoint: camera/get
2026-01-27 22:18:56,337 [INFO] VibeSync: LIVENESS | unity back online. Replaying [{'method': 'POST', 'endpoint': 'handshake', 'data': {'version': '1.0.0'}}] items.
2026-01-27 22:18:56,337 [INFO] VibeSync: FORENSIC_AUDIT | POST | Target: blender | Endpoint: camera/set
2026-01-27 22:18:56,337 [INFO] VibeSync: FORENSIC_AUDIT | POST | Target: unity | Endpoint: sync/transform
2026-01-27 22:18:56,338 [INFO] VibeSync: FORENSIC_AUDIT | POST | Target: blender | Endpoint: sync/transform
2026-01-27 22:18:56,338 [CRITICAL] VibeSync: PANIC TRIGGERED: Invalidating all session tokens.
